<?xml version="1.0" encoding="UTF-8"?>
<!-- Generated by org.testng.reporters.JUnitReportReporter -->
<testsuite hostname="DESKTOP-70KHM8D" failures="0" tests="1" name="StudyDrive.HomePage" time="2.725" errors="0" timestamp="1 Apr 2022 13:41:59 GMT">
  <testcase classname="StudyDrive.HomePage" name="basePageNavigation" time="2.725"/>
</testsuite> <!-- StudyDrive.HomePage -->
